
[2026-03-15T06:32:30.650Z] $ whois localhost | tee whois_output.txt
OUT:
ERR:bash: line 1: whois: command not found

EXIT:0

[2026-03-15T06:32:36.004Z] $ waybackurls http://localhost:8080 | tee waybackurls_output.txt
OUT:
ERR:
EXIT:0

[2026-03-15T06:32:49.615Z] $ gau http://localhost:8080 | tee gau_output.txt
OUT:
ERR:bash: line 1: gau: command not found

EXIT:0

[2026-03-15T06:32:51.627Z] $ httpx -title -status -tech-detect http://localhost:8080 | tee httpx_output.txt
OUT:flag provided but not defined: -status

ERR:
EXIT:0

[2026-03-15T06:33:02.256Z] $ httpx -title -tech-detect http://localhost:8080 | tee httpx_output.txt
OUT:
ERR:
    __    __  __       _  __
   / /_  / /_/ /_____ | |/ /
  / __ \/ __/ __/ __ \|   /
 / / / / /_/ /_/ /_/ /   |
/_/ /_/\__/\__/ .___/_/|_|
             /_/

		projectdiscovery.io

[[34mINF[0m] Current httpx version v1.7.4 ([91moutdated[0m)
[[93mWRN[0m] UI Dashboard is disabled, Use -dashboard option to enable

⏱ [command timed out]
EXIT:124

[2026-03-15T06:35:04.484Z] $ curl -I http://localhost:8080 | tee curl_output.txt
OUT:HTTP/1.0 200 OK
Server: SimpleHTTP/0.6 Python/3.12.12
Date: Sun, 15 Mar 2026 06:35:04 GMT
Content-type: text/html
Content-Length: 60758
Last-Modified: Wed, 25 Feb 2026 09:58:36 GMT


ERR:  % Total    % Received % Xferd  Average Speed  Time    Time    Time   Current
                                 Dload  Upload  Total   Spent   Left   Speed
  0      0   0      0   0      0      0      0                              0  0  60758   0      0   0      0      0      0                              0  0  60758   0      0   0      0      0      0                              0  0  60758   0      0   0      0      0      0                              0

EXIT:0

[2026-03-15T06:35:06.403Z] $ nmap -p 8080 localhost | tee nmap_output.txt
OUT:Starting Nmap 7.98 ( https://nmap.org ) at 2026-03-15 07:35 +0100
Nmap scan report for localhost (127.0.0.1)
Host is up (0.00098s latency).
Other addresses for localhost (not scanned): ::1

PORT     STATE SERVICE
8080/tcp open  http-proxy

Nmap done: 1 IP address (1 host up) scanned in 0.28 seconds

ERR:
EXIT:0

[2026-03-15T06:35:20.235Z] $ whatweb http://localhost:8080 | tee whatweb_output.txt
OUT:[1m[34mhttp://localhost:8080[0m [200 OK] [1mCountry[0m[[0m[22mRESERVED[0m][[1m[31mZZ[0m], [1mEmail[0m[[0m[22minfo@trustfin.ng,support@trustfin.ng,your.email@example.com[0m], [1mHTML5[0m, [1mHTTPServer[0m[[1m[36mSimpleHTTP/0.6 Python/3.12.12[0m], [1mIP[0m[[0m[22m127.0.0.1[0m], [1mPython[0m[[1m[32m3.12.12[0m], [1mScript[0m, [1mTitle[0m[[1m[33mTrustFin MFB - Your Trusted Microfinance Partner[0m]

ERR:
EXIT:0

[2026-03-15T06:35:46.811Z] $ nikto -h http://localhost:8080 | tee nikto_output.txt
OUT:
ERR:bash: line 1: nikto: command not found

EXIT:0

[2026-03-15T06:35:55.521Z] $ dirb http://localhost:8080 | tee dirb_output.txt
OUT:
ERR:bash: line 1: dirb: command not found

EXIT:0

[2026-03-15T06:36:14.989Z] $ ffuf -w /usr/share/wordlists/dirbuster/directory-list-2.3-medium.txt -u http://localhost:8080/FUZZ | tee ffuf_output.txt
OUT:Fuzz Faster U Fool - v2.1.0-dev

HTTP OPTIONS:
  -H                  Header `"Name: Value"`, separated by colon. Multiple -H flags are accepted.
  -X                  HTTP method to use
  -b                  Cookie data `"NAME1=VALUE1; NAME2=VALUE2"` for copy as curl functionality.
  -cc                 Client cert for authentication. Client key needs to be defined as well for this to work
  -ck                 Client key for authentication. Client certificate needs to be defined as well for this to work
  -d                  POST data
  -http2              Use HTTP2 protocol (default: false)
  -ignore-body        Do not fetch the response content. (default: false)
  -r                  Follow redirects (default: false)
  -raw                Do not encode URI (default: false)
  -recursion          Scan recursively. Only FUZZ keyword is supported, and URL (-u) has to end in it. (default: false)
  -recursion-depth    Maximum recursion depth. (default: 0)
  -recursion-strategy Recursion strategy: "default" for a redirect based, and "greedy" to recurse on all matches (default: default)
  -replay-proxy       Replay matched requests using this proxy.
  -sni                Target TLS SNI, does not support FUZZ keyword
  -timeout            HTTP request timeout in seconds. (default: 10)
  -u                  Target URL
  -x                  Proxy URL (SOCKS5 or HTTP). For example: http://127.0.0.1:8080 or socks5://127.0.0.1:8080

GENERAL OPTIONS:
  -V                  Show version information. (default: false)
  -ac                 Automatically calibrate filtering options (default: false)
  -acc                Custom auto-calibration string. Can be used multiple times. Implies -ac
  -ach                Per host autocalibration (default: false)
  -ack                Autocalibration keyword (default: FUZZ)
  -acs                Custom auto-calibration strategies. Can be used multiple times. Implies -ac
  -c                  Colorize output. (default: false)
  -config             Load configuration from a file
  -json               JSON output, printing newline-delimited JSON records (default: false)
  -maxtime            Maximum running time in seconds for entire process. (default: 0)
  -maxtime-job        Maximum running time in seconds per job. (default: 0)
  -noninteractive     Disable the interactive console functionality (default: false)
  -p                  Seconds of `delay` between requests, or a range of random delay. For example "0.1" or "0.1-2.0"
  -rate               Rate of requests per second (default: 0)
  -s                  Do not print additional information (silent mode) (default: false)
  -sa                 Stop on all error cases. Implies -sf and -se. (default: false)
  -scraperfile        Custom scraper file path
  -scrapers           Active scraper groups (default: all)
  -se                 Stop on spurious errors (default: false)
  -search             Search for a FFUFHASH payload from ffuf history
  -sf                 Stop when > 95% of responses return 403 Forbidden (default: false)
  -t                  Number of concurrent threads. (default: 40)
  -v                  Verbose output, printing full URL and redirect location (if any) with the results. (default: false)

MATCHER OPTIONS:
  -mc                 Match HTTP status codes, or "all" for everything. (default: 200-299,301,302,307,401,403,405,500)
  -ml                 Match amount of lines in response
  -mmode              Matcher set operator. Either of: and, or (default: or)
  -mr                 Match regexp
  -ms                 Match HTTP response size
  -mt                 Match how many milliseconds to the first response byte, either greater or less than. EG: >100 or <100
  -mw                 Match amount of words in response

FILTER OPTIONS:
  -fc                 Filter HTTP status codes from response. Comma separated list of codes and ranges
  -fl                 Filter by amount of lines in response. Comma separated list of line counts and ranges
  -fmode              Filter set operator. Either of: and, or (default: or)
  -fr                 Filter regexp
  -fs                 Filter HTTP response size. Comma separated list of sizes and ranges
  -ft                 Filter by number of milliseconds to the first response byte, either greater or less than. EG: >100 or <100
  -fw                 Filter by amount of words in response. Comma separated list of word counts and ranges

INPUT OPTIONS:
  -D                  DirSearch wordlist compatibility mode. Used in conjunction with -e flag. (default: false)
  -e                  Comma separated list of extensions. Extends FUZZ keyword.
  -enc                Encoders for keywords, eg. 'FUZZ:urlencode b64encode'
  -ic                 Ignore wordlist comments (default: false)
  -input-cmd          Command producing the input. --input-num is required when using this input method. Overrides -w.
  -input-num          Number of inputs to test. Used in conjunction with --input-cmd. (default: 100)
  -input-shell        Shell to be used for running command
  -mode               Multi-wordlist operation mode. Available modes: clusterbomb, pitchfork, sniper (default: clusterbomb)
  -request            File containing the raw http request
  -request-proto      Protocol to use along with raw request (default: https)
  -w                  Wordlist file path and (optional) keyword separated by colon. eg. '/path/to/wordlist:KEYWORD'

OUTPUT OPTIONS:
  -debug-log          Write all of the internal logging to the specified file.
  -o                  Write output to file
  -od                 Directory path to store matched results to.
  -of                 Output file format. Available formats: json, ejson, html, md, csv, ecsv (or, 'all' for all formats) (default: json)
  -or                 Don't create the output file if we don't have results (default: false)

EXAMPLE USAGE:
  Fuzz file paths from wordlist.txt, match all responses but filter out those with content-size 42.
  Colored, verbose output.
    ffuf -w wordlist.txt -u https://example.org/FUZZ -mc all -fs 42 -c -v

  Fuzz Host-header, match HTTP 200 responses.
    ffuf -w hosts.txt -u https://example.org/ -H "Host: FUZZ" -mc 200

  Fuzz POST JSON data. Match all responses not containing text "error".
    ffuf -w entries.txt -u https://example.org/ -X POST -H "Content-Type: application/json" \
      -d '{"name": "FUZZ", "anotherkey": "anothervalue"}' -fr "error"

  Fuzz multiple locations. Match only responses reflecting the value of "VAL" keyword. Colored.
    ffuf -w params.txt:PARAM -w values.txt:VAL -u https://example.org/?PARAM=VAL -mr "VAL" -c

  More information and examples: https://github.com/ffuf/ffuf


ERR:Encountered error(s): 1 errors occured.
	* stat /usr/share/wordlists/dirbuster/directory-list-2.3-medium.txt: no such file or directory

Encountered error(s): 1 errors occured.
	* stat /usr/share/wordlists/dirbuster/directory-list-2.3-medium.txt: no such file or directory


EXIT:0

[2026-03-15T06:36:45.483Z] $ ffuf -w /usr/share/seclists/Discovery/Web-Content/common.txt -u http://localhost:8080/FUZZ | tee ffuf_output.txt
OUT:Fuzz Faster U Fool - v2.1.0-dev

HTTP OPTIONS:
  -H                  Header `"Name: Value"`, separated by colon. Multiple -H flags are accepted.
  -X                  HTTP method to use
  -b                  Cookie data `"NAME1=VALUE1; NAME2=VALUE2"` for copy as curl functionality.
  -cc                 Client cert for authentication. Client key needs to be defined as well for this to work
  -ck                 Client key for authentication. Client certificate needs to be defined as well for this to work
  -d                  POST data
  -http2              Use HTTP2 protocol (default: false)
  -ignore-body        Do not fetch the response content. (default: false)
  -r                  Follow redirects (default: false)
  -raw                Do not encode URI (default: false)
  -recursion          Scan recursively. Only FUZZ keyword is supported, and URL (-u) has to end in it. (default: false)
  -recursion-depth    Maximum recursion depth. (default: 0)
  -recursion-strategy Recursion strategy: "default" for a redirect based, and "greedy" to recurse on all matches (default: default)
  -replay-proxy       Replay matched requests using this proxy.
  -sni                Target TLS SNI, does not support FUZZ keyword
  -timeout            HTTP request timeout in seconds. (default: 10)
  -u                  Target URL
  -x                  Proxy URL (SOCKS5 or HTTP). For example: http://127.0.0.1:8080 or socks5://127.0.0.1:8080

GENERAL OPTIONS:
  -V                  Show version information. (default: false)
  -ac                 Automatically calibrate filtering options (default: false)
  -acc                Custom auto-calibration string. Can be used multiple times. Implies -ac
  -ach                Per host autocalibration (default: false)
  -ack                Autocalibration keyword (default: FUZZ)
  -acs                Custom auto-calibration strategies. Can be used multiple times. Implies -ac
  -c                  Colorize output. (default: false)
  -config             Load configuration from a file
  -json               JSON output, printing newline-delimited JSON records (default: false)
  -maxtime            Maximum running time in seconds for entire process. (default: 0)
  -maxtime-job        Maximum running time in seconds per job. (default: 0)
  -noninteractive     Disable the interactive console functionality (default: false)
  -p                  Seconds of `delay` between requests, or a range of random delay. For example "0.1" or "0.1-2.0"
  -rate               Rate of requests per second (default: 0)
  -s                  Do not print additional information (silent mode) (default: false)
  -sa                 Stop on all error cases. Implies -sf and -se. (default: false)
  -scraperfile        Custom scraper file path
  -scrapers           Active scraper groups (default: all)
  -se                 Stop on spurious errors (default: false)
  -search             Search for a FFUFHASH payload from ffuf history
  -sf                 Stop when > 95% of responses return 403 Forbidden (default: false)
  -t                  Number of concurrent threads. (default: 40)
  -v                  Verbose output, printing full URL and redirect location (if any) with the results. (default: false)

MATCHER OPTIONS:
  -mc                 Match HTTP status codes, or "all" for everything. (default: 200-299,301,302,307,401,403,405,500)
  -ml                 Match amount of lines in response
  -mmode              Matcher set operator. Either of: and, or (default: or)
  -mr                 Match regexp
  -ms                 Match HTTP response size
  -mt                 Match how many milliseconds to the first response byte, either greater or less than. EG: >100 or <100
  -mw                 Match amount of words in response

FILTER OPTIONS:
  -fc                 Filter HTTP status codes from response. Comma separated list of codes and ranges
  -fl                 Filter by amount of lines in response. Comma separated list of line counts and ranges
  -fmode              Filter set operator. Either of: and, or (default: or)
  -fr                 Filter regexp
  -fs                 Filter HTTP response size. Comma separated list of sizes and ranges
  -ft                 Filter by number of milliseconds to the first response byte, either greater or less than. EG: >100 or <100
  -fw                 Filter by amount of words in response. Comma separated list of word counts and ranges

INPUT OPTIONS:
  -D                  DirSearch wordlist compatibility mode. Used in conjunction with -e flag. (default: false)
  -e                  Comma separated list of extensions. Extends FUZZ keyword.
  -enc                Encoders for keywords, eg. 'FUZZ:urlencode b64encode'
  -ic                 Ignore wordlist comments (default: false)
  -input-cmd          Command producing the input. --input-num is required when using this input method. Overrides -w.
  -input-num          Number of inputs to test. Used in conjunction with --input-cmd. (default: 100)
  -input-shell        Shell to be used for running command
  -mode               Multi-wordlist operation mode. Available modes: clusterbomb, pitchfork, sniper (default: clusterbomb)
  -request            File containing the raw http request
  -request-proto      Protocol to use along with raw request (default: https)
  -w                  Wordlist file path and (optional) keyword separated by colon. eg. '/path/to/wordlist:KEYWORD'

OUTPUT OPTIONS:
  -debug-log          Write all of the internal logging to the specified file.
  -o                  Write output to file
  -od                 Directory path to store matched results to.
  -of                 Output file format. Available formats: json, ejson, html, md, csv, ecsv (or, 'all' for all formats) (default: json)
  -or                 Don't create the output file if we don't have results (default: false)

EXAMPLE USAGE:
  Fuzz file paths from wordlist.txt, match all responses but filter out those with content-size 42.
  Colored, verbose output.
    ffuf -w wordlist.txt -u https://example.org/FUZZ -mc all -fs 42 -c -v

  Fuzz Host-header, match HTTP 200 responses.
    ffuf -w hosts.txt -u https://example.org/ -H "Host: FUZZ" -mc 200

  Fuzz POST JSON data. Match all responses not containing text "error".
    ffuf -w entries.txt -u https://example.org/ -X POST -H "Content-Type: application/json" \
      -d '{"name": "FUZZ", "anotherkey": "anothervalue"}' -fr "error"

  Fuzz multiple locations. Match only responses reflecting the value of "VAL" keyword. Colored.
    ffuf -w params.txt:PARAM -w values.txt:VAL -u https://example.org/?PARAM=VAL -mr "VAL" -c

  More information and examples: https://github.com/ffuf/ffuf


ERR:Encountered error(s): 1 errors occured.
	* stat /usr/share/seclists/Discovery/Web-Content/common.txt: no such file or directory

Encountered error(s): 1 errors occured.
	* stat /usr/share/seclists/Discovery/Web-Content/common.txt: no such file or directory


EXIT:0

[2026-03-15T06:37:25.848Z] $ ffuf -w /usr/share/wordlists/dirb/common.txt -u http://localhost:8080/FUZZ | tee ffuf_output.txt
OUT:Fuzz Faster U Fool - v2.1.0-dev

HTTP OPTIONS:
  -H                  Header `"Name: Value"`, separated by colon. Multiple -H flags are accepted.
  -X                  HTTP method to use
  -b                  Cookie data `"NAME1=VALUE1; NAME2=VALUE2"` for copy as curl functionality.
  -cc                 Client cert for authentication. Client key needs to be defined as well for this to work
  -ck                 Client key for authentication. Client certificate needs to be defined as well for this to work
  -d                  POST data
  -http2              Use HTTP2 protocol (default: false)
  -ignore-body        Do not fetch the response content. (default: false)
  -r                  Follow redirects (default: false)
  -raw                Do not encode URI (default: false)
  -recursion          Scan recursively. Only FUZZ keyword is supported, and URL (-u) has to end in it. (default: false)
  -recursion-depth    Maximum recursion depth. (default: 0)
  -recursion-strategy Recursion strategy: "default" for a redirect based, and "greedy" to recurse on all matches (default: default)
  -replay-proxy       Replay matched requests using this proxy.
  -sni                Target TLS SNI, does not support FUZZ keyword
  -timeout            HTTP request timeout in seconds. (default: 10)
  -u                  Target URL
  -x                  Proxy URL (SOCKS5 or HTTP). For example: http://127.0.0.1:8080 or socks5://127.0.0.1:8080

GENERAL OPTIONS:
  -V                  Show version information. (default: false)
  -ac                 Automatically calibrate filtering options (default: false)
  -acc                Custom auto-calibration string. Can be used multiple times. Implies -ac
  -ach                Per host autocalibration (default: false)
  -ack                Autocalibration keyword (default: FUZZ)
  -acs                Custom auto-calibration strategies. Can be used multiple times. Implies -ac
  -c                  Colorize output. (default: false)
  -config             Load configuration from a file
  -json               JSON output, printing newline-delimited JSON records (default: false)
  -maxtime            Maximum running time in seconds for entire process. (default: 0)
  -maxtime-job        Maximum running time in seconds per job. (default: 0)
  -noninteractive     Disable the interactive console functionality (default: false)
  -p                  Seconds of `delay` between requests, or a range of random delay. For example "0.1" or "0.1-2.0"
  -rate               Rate of requests per second (default: 0)
  -s                  Do not print additional information (silent mode) (default: false)
  -sa                 Stop on all error cases. Implies -sf and -se. (default: false)
  -scraperfile        Custom scraper file path
  -scrapers           Active scraper groups (default: all)
  -se                 Stop on spurious errors (default: false)
  -search             Search for a FFUFHASH payload from ffuf history
  -sf                 Stop when > 95% of responses return 403 Forbidden (default: false)
  -t                  Number of concurrent threads. (default: 40)
  -v                  Verbose output, printing full URL and redirect location (if any) with the results. (default: false)

MATCHER OPTIONS:
  -mc                 Match HTTP status codes, or "all" for everything. (default: 200-299,301,302,307,401,403,405,500)
  -ml                 Match amount of lines in response
  -mmode              Matcher set operator. Either of: and, or (default: or)
  -mr                 Match regexp
  -ms                 Match HTTP response size
  -mt                 Match how many milliseconds to the first response byte, either greater or less than. EG: >100 or <100
  -mw                 Match amount of words in response

FILTER OPTIONS:
  -fc                 Filter HTTP status codes from response. Comma separated list of codes and ranges
  -fl                 Filter by amount of lines in response. Comma separated list of line counts and ranges
  -fmode              Filter set operator. Either of: and, or (default: or)
  -fr                 Filter regexp
  -fs                 Filter HTTP response size. Comma separated list of sizes and ranges
  -ft                 Filter by number of milliseconds to the first response byte, either greater or less than. EG: >100 or <100
  -fw                 Filter by amount of words in response. Comma separated list of word counts and ranges

INPUT OPTIONS:
  -D                  DirSearch wordlist compatibility mode. Used in conjunction with -e flag. (default: false)
  -e                  Comma separated list of extensions. Extends FUZZ keyword.
  -enc                Encoders for keywords, eg. 'FUZZ:urlencode b64encode'
  -ic                 Ignore wordlist comments (default: false)
  -input-cmd          Command producing the input. --input-num is required when using this input method. Overrides -w.
  -input-num          Number of inputs to test. Used in conjunction with --input-cmd. (default: 100)
  -input-shell        Shell to be used for running command
  -mode               Multi-wordlist operation mode. Available modes: clusterbomb, pitchfork, sniper (default: clusterbomb)
  -request            File containing the raw http request
  -request-proto      Protocol to use along with raw request (default: https)
  -w                  Wordlist file path and (optional) keyword separated by colon. eg. '/path/to/wordlist:KEYWORD'

OUTPUT OPTIONS:
  -debug-log          Write all of the internal logging to the specified file.
  -o                  Write output to file
  -od                 Directory path to store matched results to.
  -of                 Output file format. Available formats: json, ejson, html, md, csv, ecsv (or, 'all' for all formats) (default: json)
  -or                 Don't create the output file if we don't have results (default: false)

EXAMPLE USAGE:
  Fuzz file paths from wordlist.txt, match all responses but filter out those with content-size 42.
  Colored, verbose output.
    ffuf -w wordlist.txt -u https://example.org/FUZZ -mc all -fs 42 -c -v

  Fuzz Host-header, match HTTP 200 responses.
    ffuf -w hosts.txt -u https://example.org/ -H "Host: FUZZ" -mc 200

  Fuzz POST JSON data. Match all responses not containing text "error".
    ffuf -w entries.txt -u https://example.org/ -X POST -H "Content-Type: application/json" \
      -d '{"name": "FUZZ", "anotherkey": "anothervalue"}' -fr "error"

  Fuzz multiple locations. Match only responses reflecting the value of "VAL" keyword. Colored.
    ffuf -w params.txt:PARAM -w values.txt:VAL -u https://example.org/?PARAM=VAL -mr "VAL" -c

  More information and examples: https://github.com/ffuf/ffuf


ERR:Encountered error(s): 1 errors occured.
	* stat /usr/share/wordlists/dirb/common.txt: no such file or directory

Encountered error(s): 1 errors occured.
	* stat /usr/share/wordlists/dirb/common.txt: no such file or directory


EXIT:0
