
[2026-03-12T22:37:06.825Z] $ subfinder -d example.com -o subdomains.txt
OUT:
ERR:
               __    _____           __         
   _______  __/ /_  / __(_)___  ____/ /__  _____
  / ___/ / / / __ \/ /_/ / __ \/ __  / _ \/ ___/
 (__  ) /_/ / /_/ / __/ / / / / /_/ /  __/ /    
/____/\__,_/_.___/_/ /_/_/ /_/\__,_/\___/_/

		projectdiscovery.io

[[34mINF[0m] Loading provider config from /data/data/com.termux/files/home/.config/subfinder/provider-config.yaml
[[34mINF[0m] Enumerating subdomains for example.com

⏱ [command timed out]
EXIT:124

[2026-03-12T22:39:08.873Z] $ assetfinder --subs-only example.com | tee assetfinder_subdomains.txt
OUT:example.com
www.example.com

ERR:
EXIT:0

[2026-03-12T22:39:12.308Z] $ amass enum -d example.com -o amass_subdomains.txt
OUT:
ERR:bash: line 1: amass: command not found

EXIT:127

[2026-03-12T22:39:14.034Z] $ waybackurls example.com | tee waybackurls_output.txt
OUT:http://example.com
http://example.com/
https://example.com
http://www.example.com
http://www.example.com/
http://example.com/404/
http://example.com/404
https://www.example.com/406.shtml
http://www.example.com/californiabeach/robots.txt/
http://www.example.com/chyba.html
http://www.example.com/error.php
http://www.example.com/error/404.html
http://www.example.com/newpage.htmlrobots.txt
http://www.example.com/robots.txt
http://example.com/robots.txt
https://www.example.com/robots.txt
https://example.com/robots.txt
http://www.example.com/robots.txt/
http://example.com/robots.txt/
https://example.com/www.marui-estate.com/robots.txt

ERR:
⏱ [command timed out]
EXIT:124

[2026-03-12T22:41:16.425Z] $ gau example.com | tee gau_output.txt
OUT:
ERR:bash: line 1: gau: command not found

EXIT:0

[2026-03-12T22:41:18.069Z] $ curl -s -I example.com | tee curl_output.txt
OUT:HTTP/1.1 200 OK
Date: Thu, 12 Mar 2026 22:41:19 GMT
Content-Type: text/html
Connection: keep-alive
CF-RAY: 9db64e431f6dd15d-CDG
Last-Modified: Wed, 11 Mar 2026 19:08:51 GMT
Allow: GET, HEAD
Age: 66
cf-cache-status: HIT
Accept-Ranges: bytes
Server: cloudflare


ERR:
EXIT:0

[2026-03-12T22:41:31.308Z] $ whois example.com | tee whois_output.txt
OUT:
ERR:bash: line 1: whois: command not found

EXIT:0

[2026-03-12T22:41:44.845Z] $ dig example.com | tee dig_output.txt
OUT:
; <<>> DiG 9.20.17 <<>> example.com
;; global options: +cmd
;; Got answer:
;; ->>HEADER<<- opcode: QUERY, status: NOERROR, id: 25805
;; flags: qr rd ad; QUERY: 1, ANSWER: 1, AUTHORITY: 0, ADDITIONAL: 0
;; WARNING: recursion requested but not available

;; QUESTION SECTION:
;example.com.			IN	A

;; ANSWER SECTION:
example.com.		10780	IN	A	104.18.26.120

;; Query time: 30 msec
;; SERVER: 8.8.8.8#53(8.8.8.8) (UDP)
;; WHEN: Thu Mar 12 23:41:45 WAT 2026
;; MSG SIZE  rcvd: 45


ERR:
EXIT:0

[2026-03-12T22:42:02.788Z] $ nmap -sT -p 1-1000 104.18.26.120 -oG nmap_output.txt
OUT:Starting Nmap 7.98 ( https://nmap.org ) at 2026-03-12 23:42 +0100
Nmap scan report for 104.18.26.120
Host is up (0.21s latency).
Not shown: 997 filtered tcp ports (no-response)
PORT    STATE SERVICE
25/tcp  open  smtp
80/tcp  open  http
443/tcp open  https

Nmap done: 1 IP address (1 host up) scanned in 18.21 seconds

ERR:
EXIT:0

[2026-03-12T22:42:23.638Z] $ httpx -ports 80,443 -status-code -title -tech-detect -weblog example.com | tee httpx_output.txt
OUT:flag provided but not defined: -weblog

ERR:
EXIT:0

[2026-03-12T22:42:40.808Z] $ httpx -ports 80,443 -status-code -title -tech-detect example.com | tee httpx_output.txt
OUT:
ERR:
    __    __  __       _  __
   / /_  / /_/ /_____ | |/ /
  / __ \/ __/ __/ __ \|   /
 / / / / /_/ /_/ /_/ /   |
/_/ /_/\__/\__/ .___/_/|_|
             /_/

		projectdiscovery.io

[[34mINF[0m] Current httpx version v1.7.4 ([91moutdated[0m)
[[93mWRN[0m] UI Dashboard is disabled, Use -dashboard option to enable

⏱ [command timed out]
EXIT:124

[2026-03-12T22:44:44.107Z] $ whatweb example.com | tee whatweb_output.txt
OUT:[1m[34mhttp://example.com[0m [200 OK] [1mAllow[0m[[1m[31mGET, HEAD[0m], [1mCountry[0m[[0m[22mUNITED STATES[0m][[1m[31mUS[0m], [1mHTML5[0m, [1mHTTPServer[0m[[1m[36mcloudflare[0m], [1mIP[0m[[0m[22m104.18.27.120[0m], [1mTitle[0m[[1m[33mExample Domain[0m], [1mUncommonHeaders[0m[[0m[22mcf-cache-status,cf-ray[0m]
[1m[34mhttps://example.com[0m [200 OK] [1mAllow[0m[[1m[31mGET, HEAD[0m], [1mCountry[0m[[0m[22mUNITED STATES[0m][[1m[31mUS[0m], [1mHTML5[0m, [1mHTTPServer[0m[[1m[36mcloudflare[0m], [1mIP[0m[[0m[22m104.18.26.120[0m], [1mTitle[0m[[1m[33mExample Domain[0m], [1mUncommonHeaders[0m[[0m[22mcf-cache-status,cf-ray[0m]

ERR:
EXIT:0

[2026-03-12T22:45:05.068Z] $ nuclei -t /usr/share/nuclei-templates/ -u example.com | tee nuclei_output.txt
OUT:
ERR:bash: line 1: nuclei: command not found

EXIT:0

[2026-03-12T22:45:07.035Z] $ nikto -h example.com | tee nikto_output.txt
OUT:
ERR:bash: line 1: nikto: command not found

EXIT:0

[2026-03-12T22:45:23.962Z] $ curl -s -I http://example.com/../ | tee curl_test_output.txt
OUT:HTTP/1.1 200 OK
Date: Thu, 12 Mar 2026 22:45:25 GMT
Content-Type: text/html
Connection: keep-alive
CF-RAY: 9db6543fff28bef0-LHR
Last-Modified: Wed, 11 Mar 2026 19:08:51 GMT
Allow: GET, HEAD
Age: 78
cf-cache-status: HIT
Accept-Ranges: bytes
Server: cloudflare


ERR:
EXIT:0

[2026-03-12T22:45:59.899Z] $ ffuf -c -w /usr/share/wordlists/dirbuster/directory-list-2.3-medium.txt -u http://example.com/FUZZ | tee ffuf_output.txt
OUT:Fuzz Faster U Fool - v2.1.0-dev

HTTP OPTIONS:
  -H                  Header `"Name: Value"`, separated by colon. Multiple -H flags are accepted.
  -X                  HTTP method to use
  -b                  Cookie data `"NAME1=VALUE1; NAME2=VALUE2"` for copy as curl functionality.
  -cc                 Client cert for authentication. Client key needs to be defined as well for this to work
  -ck                 Client key for authentication. Client certificate needs to be defined as well for this to work
  -d                  POST data
  -http2              Use HTTP2 protocol (default: false)
  -ignore-body        Do not fetch the response content. (default: false)
  -r                  Follow redirects (default: false)
  -raw                Do not encode URI (default: false)
  -recursion          Scan recursively. Only FUZZ keyword is supported, and URL (-u) has to end in it. (default: false)
  -recursion-depth    Maximum recursion depth. (default: 0)
  -recursion-strategy Recursion strategy: "default" for a redirect based, and "greedy" to recurse on all matches (default: default)
  -replay-proxy       Replay matched requests using this proxy.
  -sni                Target TLS SNI, does not support FUZZ keyword
  -timeout            HTTP request timeout in seconds. (default: 10)
  -u                  Target URL
  -x                  Proxy URL (SOCKS5 or HTTP). For example: http://127.0.0.1:8080 or socks5://127.0.0.1:8080

GENERAL OPTIONS:
  -V                  Show version information. (default: false)
  -ac                 Automatically calibrate filtering options (default: false)
  -acc                Custom auto-calibration string. Can be used multiple times. Implies -ac
  -ach                Per host autocalibration (default: false)
  -ack                Autocalibration keyword (default: FUZZ)
  -acs                Custom auto-calibration strategies. Can be used multiple times. Implies -ac
  -c                  Colorize output. (default: false)
  -config             Load configuration from a file
  -json               JSON output, printing newline-delimited JSON records (default: false)
  -maxtime            Maximum running time in seconds for entire process. (default: 0)
  -maxtime-job        Maximum running time in seconds per job. (default: 0)
  -noninteractive     Disable the interactive console functionality (default: false)
  -p                  Seconds of `delay` between requests, or a range of random delay. For example "0.1" or "0.1-2.0"
  -rate               Rate of requests per second (default: 0)
  -s                  Do not print additional information (silent mode) (default: false)
  -sa                 Stop on all error cases. Implies -sf and -se. (default: false)
  -scraperfile        Custom scraper file path
  -scrapers           Active scraper groups (default: all)
  -se                 Stop on spurious errors (default: false)
  -search             Search for a FFUFHASH payload from ffuf history
  -sf                 Stop when > 95% of responses return 403 Forbidden (default: false)
  -t                  Number of concurrent threads. (default: 40)
  -v                  Verbose output, printing full URL and redirect location (if any) with the results. (default: false)

MATCHER OPTIONS:
  -mc                 Match HTTP status codes, or "all" for everything. (default: 200-299,301,302,307,401,403,405,500)
  -ml                 Match amount of lines in response
  -mmode              Matcher set operator. Either of: and, or (default: or)
  -mr                 Match regexp
  -ms                 Match HTTP response size
  -mt                 Match how many milliseconds to the first response byte, either greater or less than. EG: >100 or <100
  -mw                 Match amount of words in response

FILTER OPTIONS:
  -fc                 Filter HTTP status codes from response. Comma separated list of codes and ranges
  -fl                 Filter by amount of lines in response. Comma separated list of line counts and ranges
  -fmode              Filter set operator. Either of: and, or (default: or)
  -fr                 Filter regexp
  -fs                 Filter HTTP response size. Comma separated list of sizes and ranges
  -ft                 Filter by number of milliseconds to the first response byte, either greater or less than. EG: >100 or <100
  -fw                 Filter by amount of words in response. Comma separated list of word counts and ranges

INPUT OPTIONS:
  -D                  DirSearch wordlist compatibility mode. Used in conjunction with -e flag. (default: false)
  -e                  Comma separated list of extensions. Extends FUZZ keyword.
  -enc                Encoders for keywords, eg. 'FUZZ:urlencode b64encode'
  -ic                 Ignore wordlist comments (default: false)
  -input-cmd          Command producing the input. --input-num is required when using this input method. Overrides -w.
  -input-num          Number of inputs to test. Used in conjunction with --input-cmd. (default: 100)
  -input-shell        Shell to be used for running command
  -mode               Multi-wordlist operation mode. Available modes: clusterbomb, pitchfork, sniper (default: clusterbomb)
  -request            File containing the raw http request
  -request-proto      Protocol to use along with raw request (default: https)
  -w                  Wordlist file path and (optional) keyword separated by colon. eg. '/path/to/wordlist:KEYWORD'

OUTPUT OPTIONS:
  -debug-log          Write all of the internal logging to the specified file.
  -o                  Write output to file
  -od                 Directory path to store matched results to.
  -of                 Output file format. Available formats: json, ejson, html, md, csv, ecsv (or, 'all' for all formats) (default: json)
  -or                 Don't create the output file if we don't have results (default: false)

EXAMPLE USAGE:
  Fuzz file paths from wordlist.txt, match all responses but filter out those with content-size 42.
  Colored, verbose output.
    ffuf -w wordlist.txt -u https://example.org/FUZZ -mc all -fs 42 -c -v

  Fuzz Host-header, match HTTP 200 responses.
    ffuf -w hosts.txt -u https://example.org/ -H "Host: FUZZ" -mc 200

  Fuzz POST JSON data. Match all responses not containing text "error".
    ffuf -w entries.txt -u https://example.org/ -X POST -H "Content-Type: application/json" \
      -d '{"name": "FUZZ", "anotherkey": "anothervalue"}' -fr "error"

  Fuzz multiple locations. Match only responses reflecting the value of "VAL" keyword. Colored.
    ffuf -w params.txt:PARAM -w values.txt:VAL -u https://example.org/?PARAM=VAL -mr "VAL" -c

  More information and examples: https://github.com/ffuf/ffuf


ERR:Encountered error(s): 1 errors occured.
	* stat /usr/share/wordlists/dirbuster/directory-list-2.3-medium.txt: no such file or directory

Encountered error(s): 1 errors occured.
	* stat /usr/share/wordlists/dirbuster/directory-list-2.3-medium.txt: no such file or directory


EXIT:0

[2026-03-15T06:30:34.390Z] $ dirb http://example.com
OUT:
ERR:bash: line 1: dirb: command not found

EXIT:127

[2026-03-15T06:30:53.327Z] $ gobuster dir -u http://example.com
OUT:Error on gomaxprocs: open /dev/cpuctl/cpu.cfs_quota_us: no such file or directory
NAME:
   gobuster dir - Uses directory/file enumeration mode

USAGE:
   gobuster dir [command options]

OPTIONS:
   --url value, -u value                                    The target URL
   --cookies value, -c value                                Cookies to use for the requests
   --username value, -U value                               Username for Basic Auth
   --password value, -P value                               Password for Basic Auth
   --follow-redirect, -r                                    Follow redirects (default: false)
   --headers value, -H value [ --headers value, -H value ]  Specify HTTP headers, -H 'Header1: val1' -H 'Header2: val2'
   --no-canonicalize-headers, --nch                         Do not canonicalize HTTP header names. If set header names are sent as is (default: false)
   --method value, -m value                                 the password to the p12 file (default: "GET")
   --useragent value, -a value                              Set the User-Agent string (default: "gobuster/3.7")
   --random-agent, --rua                                    Use a random User-Agent string (default: false)
   --proxy value                                            Proxy to use for requests [http(s)://host:port] or [socks5://host:port]
   --timeout value, --to value                              HTTP Timeout (default: 10s)
   --no-tls-validation, -k                                  Skip TLS certificate verification (default: false)
   --retry                                                  Should retry on request timeout (default: false)
   --retry-attempts value, --ra value                       Times to retry on request timeout (default: 3)
   --client-cert-pem value, --ccp value                     public key in PEM format for optional TLS client certificates]
   --client-cert-pem-key value, --ccpk value                private key in PEM format for optional TLS client certificates (this key needs to have no password)
   --client-cert-p12 value, --ccp12 value                   a p12 file to use for options TLS client certificates
   --client-cert-p12-password value, --ccp12p value         the password to the p12 file
   --tls-renegotiation                                      Enable TLS renegotiation (default: false)
   --interface value, --iface value                         specify network interface to use. Can't be used with local-ip
   --local-ip value                                         specify local ip of network interface to use. Can't be used with interface
   --wordlist value, -w value                               Path to the wordlist. Set to - to use STDIN.
   --delay value, -d value                                  Time each thread waits between requests (e.g. 1500ms) (default: 0s)
   --threads value, -t value                                Number of concurrent threads (default: 10)
   --wordlist-offset value, --wo value                      Resume from a given position in the wordlist (default: 0)
   --output value, -o value                                 Output file to write results to (defaults to stdout)
   --quiet, -q                                              Don't print the banner and other noise (default: false)
   --no-progress, --np                                      Don't display progress (default: false)
   --no-error, --ne                                         Don't display errors (default: false)
   --pattern value, -p value                                File containing replacement patterns
   --discover-pattern value, --pd value                     File containing replacement patterns applied to successful guesses
   --no-color, --nc                                         Disable color output (default: false)
   --debug                                                  enable debug output (default: false)
   --status-codes value, -s value                           Positive status codes (will be overwritten with status-codes-blacklist if set). Can also handle ranges like 200,300-400,404
   --status-codes-blacklist value, -b value                 Negative status codes (will override status-codes if set). Can also handle ranges like 200,300-400,404. (default: "404")
   --extensions value, -x value                             File extension(s) to search for
   --extensions-file value, -X value                        Read file extension(s) to search from the file
   --expanded, -e                                           Expanded mode, print full URLs (default: false)
   --no-status, -n                                          Don't print status codes (default: false)
   --hide-length, --hl                                      Hide the length of the body in the output (default: false)
   --add-slash, -f                                          Append / to each request (default: false)
   --discover-backup, --db                                  Upon finding a file search for backup files by appending multiple backup extensions (default: false)
   --exclude-length value, --xl value                       exclude the following content lengths (completely ignores the status). You can separate multiple lengths by comma and it also supports ranges like 203-206
   --help, -h                                               show help

ERR:2026/03/15 06:30:54 Required flag "wordlist" not set

EXIT:1

[2026-03-15T06:31:40.845Z] $ gobuster dir -u http://example.com -w /usr/share/wordlists/dirb/common.txt
OUT:Error on gomaxprocs: open /dev/cpuctl/cpu.cfs_quota_us: no such file or directory

ERR:2026/03/15 06:31:41 wordlist file "/usr/share/wordlists/dirb/common.txt" does not exist: stat /usr/share/wordlists/dirb/common.txt: no such file or directory

EXIT:1

[2026-03-15T06:32:27.116Z] $ wfuzz -c -w /usr/share/wordlists/wfuzz/general/big.txt http://example.com/FUZZ
OUT:
ERR:bash: line 1: wfuzz: command not found

EXIT:127

[2026-03-15T06:33:55.212Z] $ dalfox url http://example.com
OUT:
ERR:bash: line 1: dalfox: command not found

EXIT:127

[2026-03-15T06:34:43.560Z] $ curl -s -X GET "http://example.com/?param=<script>alert('XSS')</script>" | grep "alert('XSS')"
OUT:
ERR:
EXIT:1
