
[2026-03-12T22:35:48.767Z] $ subfinder -d example.com -o subdomains.txt
OUT:bartolomio26.02.example.com
h3.example.com
lider2.svb.example.com
lp.example.com
bigwashing87225.example.com
masha.mmmmm2020.petrova.example.com
cookold1.example.com
alexpigs593.example.com
tgenn.example.com
schsherbakov.example.com
astrojooo.example.com
bristolo591.example.com
dminyaev20033.example.com
id15890.example.com
congtu3488821.example.com
sansproxyhbn2.example.com
perfekt.example.com
mostovoy.example.com
conference.example.com
ip-167-250-99-140.example.com
vpsdalmaktris1.example.com
wasky057312.example.com
egorkadev2.example.com
a545.example.com
bookman1979.example.com
6.unused.example.com
pavel.o.71.example.com
139871.example.com
amandavir.example.com
timenagibator.example.com
a932133321.example.com
ab784.example.com
platform-admin64.example.com
support126.example.com
bigwashing87307.example.com
69.example.com
ret.anna.example.com
changable-man.example.com
andreirobkin281.example.com
bigwashing8796.example.com
tesniy.example.com
189136.example.com
ahmetdevops.example.com
162384.example.com
antropovvg1.example.com
verbatim96312.example.com
info15.example.com
info25.example.com
roberto35.example.com
ringneo65.example.com
timunya.example.com
nesti10nikita.example.com
alfafiles.example.com
antonyudin53.example.com
48.131.189.colo.example.com
contact55.example.com
alexpigs571.example.com
saraf004.example.com
bouchrika0414.example.com
kamil.perczynski.95.example.com
mobi-t2006.example.com
a43688297.example.com
subielfq29.example.com
darario20182.example.com
illarion1.example.com
sub82.example.com
fdsagizi2.example.com
kap12soba3.example.com
pziurkee16.example.com
test226.example.com
bigwashing87379.example.com
69.48.129.69.static.example.com
159.unused.example.com
184486.example.com
vladyslav1.pavlenko.2002.example.com
c8c8av10.example.com
zyama19971.example.com
tmn22-lon1.example.com
teterinyakov1993.example.com
kutgen38.example.com
a77.arhangel.example.com
boss.example.com
cleanvds1.example.com
ykaoooaod1.example.com
platform-admin72.example.com
pseudonick44.example.com
iv4novovi75.example.com
test87.example.com
vnimatelno.example.com
nikolaypartner.example.com
aleksandrov.example.com
glass-computing1.example.com
lightsail2019112.example.com
gmuravskij845.example.com
m5.example.com
subielfq48.example.com
itimov2019.example.com
bet22.centr.example.com
voronykden21.example.com
a8287617013.example.com
alexpigs979.example.com
karinuse4ka1.rokk.example.com
fyodorovser.example.com
174162.example.com
agrosnabtrans5297.example.com
bualvl25017.example.com
chinaofwarrior1.example.com
zigzaggoods2.example.com
alexpigs374.example.com
bigwashing87257.example.com
kakallibi89.example.com
ajpqwupyeb.example.com
dmitry.moshoglo.example.com
a209452.example.com
anteamorning1.example.com
alexpigs472.example.com
scervakov196613.example.com
a26618183.example.com
anchorpyaj3.example.com
sergeybr94.example.com
emily3164306.example.com
don.example.com
shumo20.example.com
platform-admin23.example.com
66.example.com
acadreserrio.example.com
lineika3.grafit.example.com
my6.neohost.example.com
newlex.example.com
ilvalil11.example.com
azvonkov1.example.com
avs22.example.com
owyetmp9skv3.example.com
nikobossa4.example.com
subielfq16.example.com
lex.lebedev.example.com
adeliyau5jchi.example.com
ip-167-250-99-111.example.com
poslen1.example.com
lvovcoc6.example.com
killoftimeba7.example.com
24838.example.com
bolkanb.example.com
d-rudich.example.com
ringneo210.example.com
fjughi111.example.com
ro9bx11.example.com
magistr-yoda902.example.com
mb33.example.com
support86.example.com
bigwashing87228.example.com
stealth4k.example.com
bobtvplayer2.example.com
sub104.example.com
secretslineserver4.example.com
tatianka19051979.example.com
abdor14026.example.com
amethistos697.example.com
buzalt.example.com
webdisk.1553867264822.example.com
killoftimeba41.example.com
sub33.example.com
fentezi.example.com
ollietest.example.com
a5181450.example.com
abrakadabra1.example.com
upgsrcmxmn13.example.com
180293.example.com
burhanparsa.example.com
sovrtech20.example.com
vps91.example.com
alexpigs447.example.com
looking7.example.com
ykaoooaod.example.com
iamkimas.example.com
43434353.example.com
smisharina2010.example.com
yekaterinaskv0rtsova.example.com
evgeha999natius.example.com
iulian3.baltatescu.example.com
182875.example.com
k.ilshat.95.example.com
akimgrechka.example.com
alpineriseend1.example.com
gurbansoltanov1.example.com
anapahomova32.example.com
alexpigs794.example.com
ip-167-250-99-206.example.com
69.48.134.171.colo.example.com
sheppard5.raas.example.com
pyat-roz12.example.com
wuful1992.example.com
rms23.example.com
vafinruslan-56.example.com
fedle1999.example.com
firstbyte.example.com
andonw256.example.com
askarukus.example.com
tools12.example.com
k3omp3.example.com
pozdeeve.example.com
esmartcam.example.com
184872.example.com
brummelmohammad36564118.example.com
cocainevisiion.example.com
juliasnow631.example.com
ekt-fo4-03.example.com
free134disposable.example.com
181598.example.com
a702201.example.com
bigwashing87262.example.com
wannayoung64.example.com
rixsec30.example.com
sr1.example.com
webalfaars1.example.com
a5x13.example.com
allyltd.example.com
nl3.example.com
turuitc1.example.com
eledis2019.example.com
anna2.andreeva.example.com
wxxllxxwo0o.example.com
v.example.com
a368318873.example.com
fvm4.example.com
kanakhin4.egor.example.com
unpirr.example.com
lovley000.example.com
vikaivanovas1991.example.com
mizevvln5.example.com
ip-167-250-99-27.example.com
levkapustin.example.com
a7891739813.example.com
ringneo100.example.com
victorvorobey3.example.com
69.48.135.158.static.example.com
shop.cf.example.com
srv1v2kk.example.com
urmaev19961.96.example.com
patriciamosely29071.example.com
dmitry4.example.com
dedicatedfree.example.com
emeraldsoft.example.com
voipkantcement.example.com
odegovaa88.example.com
dark5909.example.com
alexpigs770.example.com
servers2.example.com
alexpigs1093.example.com
c8c8av25.example.com
support28.example.com
servermixed338.example.com
c8c8av5.example.com
dadmollaniyazov.example.com
dwongz.example.com
alex16.example.com
b10101101.example.com
48.134.182.colo.example.com
katie.t.00990.example.com
eliseev15037.example.com
avs18.example.com
iv4novovi8.example.com
69.48.135.132.static.example.com
betaclouds.example.com
a5.bezrukov.example.com
lalak.n.v.777.example.com
01.example.com
wannayoung61.example.com
devopswsx4.example.com
parus7.example.com
zemlyanikin.example.com
amazonersergeyvsevolod32.example.com
amethistos698.example.com
ao1.example.com
qcwc40.example.com
a70103108.example.com
destar.example.com
ipuerboy.example.com
artificeinsh6.example.com
bestitdxbae2.example.com
devvanderlei.example.com
gleb301.example.com
bus1.example.com
fodyse58.example.com
bigwashing87339.example.com
norm1.kaiser.example.com
artner00.example.com
danil.cher.example.com
dron8vlad.example.com
wannayoung70.example.com
telega1.example.com
a00205206413.example.com
dimatyurin09.example.com
amethistos6915.example.com
xileropk5.example.com
yinghui1.yang.example.com
djkawhdjkhasu.example.com
hijacked-ip-address-192-83-197-12.example.com
support196.example.com
goldenforever9277.example.com
irvinresende.example.com
anabellapaytongtre.example.com
dmitry.k.example.com
invest.1990.example.com
bnasirov004.example.com
15079.example.com
mii2000.example.com
realshels1.example.com
a91965784082.example.com
tonik89.17.example.com
a15428999129.example.com
vikusss89.example.com
anatolia.example.com
upgsrcmxmn20.example.com
a2666612712.example.com
shumo43.example.com
69.48.129.132.static.example.com
69.48.134.57.static.example.com
mindsolo.example.com
a466559.example.com
achlecphicom1980.example.com
first-aid7.example.com
johnyf.example.com
nadyastasevitch.example.com
amethistos691.example.com
hodor41.example.com
bigwashing876.example.com
alexugk.example.com
48.133.112.colo.example.com
48.131.179.colo.example.com
12256.example.com
projectmanager1.example.com
vpn2.example.com
hijacked-ip-address-192-83-197-64.example.com
shumo35.example.com
iv4novovi76.example.com
qsfnxcvha.example.com
ivan.example.com
pro100super.00.example.com
alexpigs311.example.com
launcherm1.example.com
vps19.example.com
69.48.129.158.static.example.com
speedtest.net.example.com
a507564121.example.com
azen204816.example.com
lightsail2019190.example.com
ivan.ivanov1954.2.example.com
a113.example.com
fuli123dh35.example.com
pdm120688.example.com
l5r8twttwynit9f1nxoz.example.com
arsen-nn72.example.com
balkhin1.example.com
biwkzaabvikkkm44.example.com
alexpigs345.example.com
ali1.adibi.example.com
ardling.example.com
dromanuk.example.com
stefanidelasilva621.example.com
viuus7094.example.com
juliamooore.example.com
anmbos3.example.com
congtu3488810.example.com
yotaaliya1.example.com
nortoleg882.example.com
kun2.example.com
support205.example.com
kamilgruszka.example.com
tgf.example.com
symanovich.example.com
lancejones88881.example.com
test252.example.com
snowdog13.example.com
platform-admin45.example.com
tt77.example.com
dzenarium.example.com
dfadin.example.com
192704.example.com
wefwefwfewefwef124.example.com
alexpigs986.example.com
a5409730748.example.com
brucezh.example.com
panov1.example.com
iv4novovi42.example.com
sub137.example.com
69.48.134.212.static.example.com
boostcurrency.example.com
a507564155.example.com
alezes1.example.com
deamail.example.com
fjughi91.example.com
test14.example.com
alexpigs665.example.com
rf.0906.example.com
skripppak6.example.com
ringneo199.example.com
scentr-ctr.example.com
bigwashing87344.example.com
konseo.example.com
stkilet.example.com
mt.example.com
blackforest.example.com
bctec41.example.com
cdwk201515.example.com
a1542899990.example.com
gamerati20125.example.com
support16.example.com
187508.example.com
pet.armatura.example.com
test200.example.com
novatsiya991.example.com
a0020520642.example.com
alexpigs435.example.com
vm31247.example.com
greag.example.com
mila7000ll.example.com
nitex.example.com
serano6611.example.com
ip-167-250-99-108.example.com
trent3.mider.example.com
azen2048130.example.com
developer90.example.com
yo9929492.example.com
hijacked-ip-address-192-83-197-33.example.com
alexpigs764.example.com
omasgan9.example.com
193970.example.com
9877656.example.com
a00tonn.example.com
robomarshizobretay11.example.com
vladsevostyanov3.example.com
fjughi184.example.com
simakov-95.example.com
c8c8av77.example.com
alexpigs498.example.com
aleksandr.1997god.example.com
allb0xes3.example.com
secretslineserver2.example.com
youquwan.example.com
s56.denisov.example.com
a8334324948.example.com
barmaleu.example.com
c2pp.example.com
darkcs2.example.com
gluk47.example.com
maks.yeremeev.78.example.com
trunin.ilya.example.com
lvozoeva87ms.example.com
69.48.135.104.example.com
hijacked-ip-address-192-83-197-2.example.com
sunyizhuo6662.example.com
trempel99.example.com
renlida0121.example.com
letonamore692.example.com
146123.example.com
ip-167-250-99-95.example.com
xileropk7.example.com
asd.example.com
nigamatyanov1.i.example.com
holkitsor.example.com
alx2.kazmin.example.com
nsk4.damir.example.com
perfilii.lazarev.wwkeyu.example.com
farhutdinov.example.com
atretiy.example.com
dimonuc1.example.com
fedotik1972.example.com
a00205206414.example.com
kodjan4.example.com
ktoeto99.example.com
cooperlanjgvcdd.example.com
sector.resize.example.com
seomaestro.example.com
192674.example.com
indexfactor1.example.com
qunfa77784.example.com
lumpofsugar2015.example.com
a21843197225.example.com
garant225.example.com
kutgen25.example.com
alexpigs507.example.com
bibik1.tatyanaaa.example.com
sub38.example.com
kahchak.example.com
akhrorsafaev.example.com
jaouadgoumiri00.example.com
my.vds.sh.example.com
getkoivan.example.com
181741.example.com
nik.verevkin.89.example.com
a5970322825.example.com
alimrafikov0678.example.com
atyutyunnikov.example.com
ivanlf111.example.com
bigwashing87.063.example.com
gfu3yt45u3.example.com
alexpigs815.example.com
radja948.example.com
fugkwne.example.com
bulemar-pit1.example.com
a91262553031.example.com
yatkara2.example.com
mikeshut75.example.com
congtu3488867.example.com
bgl.example.com
deleteduserdfbd3256.example.com
developer52.example.com
platform-admin50.example.com
coolindark2.example.com
sub53.example.com
pvm14.example.com
congtu3488844.example.com
parapulka3146.example.com
kolesnichenko-de7.example.com
gratal9.example.com
69.48.133.233.example.com
69.48.135.93.example.com
tools5.example.com
vasilisakazantseva.example.com
cheungkwokho.example.com
kukarinnv.example.com
Namardo.example.com
alex9113.example.com
tabecr12.example.com
support15.example.com
aptem731.example.com
a80912991.example.com
dmitriibaiburov784.example.com
lao495.example.com
alexpigs779.example.com
emailboishar.example.com
alexqu.example.com
187004.example.com
psix-90.example.com
a00205206422.example.com
roberto116.example.com
pziurkee57.example.com
bnikone.example.com
azen2048107.example.com
48.134.174.colo.example.com
my.colocation2013.example.com
biscooter1.example.com
go.u.rg.e.w.a.ssouf975.example.com
a8152938.example.com
chileme2019.example.com
azimyt177.example.com
support100.example.com
su5850.example.com
a5409730734.example.com
xpeng06064.example.com
miroshin196926.example.com
fzang48048.example.com
vladfed.example.com
aleks-g.example.com
tehnobat2.example.com
congtu3488815.example.com
fb7.example.com
alexpigs479.example.com
i42.v.s.mining.example.com
nikolay78ruskikh.example.com
mih.oxani.example.com
33160.example.com
146-0-231-246.example.com
82.example.com
killoftimeba14.example.com
psv44.example.com
network6.sourcing.example.com
pkozak.example.com
a597032281.example.com
a74673720.example.com
241.example.com
purchasing1.example.com
azhukovets3.example.com
vm25397.example.com
sub19.example.com
yiyegantang.example.com
ceo.example.com
buxalo666.example.com
lipidguxd91.example.com
denilka93.example.com
ops85.example.com
smmediasolution6.example.com
robloxassin98.example.com
69.48.129.130.static.example.com
kovalchukkyevgen.example.com
andreydantsevv.example.com
congtu3488830.example.com
support245.example.com
i38.v.s.mining.example.com
asteryip5.example.com
amir.bribri1.example.com
daz.example.com
lipidguxd60.example.com
test136.example.com
levchelma.example.com
s113.denisov.example.com
adn1.example.com
pessson1.example.com
kakallibi14.example.com
cashbackliga1.example.com
newbohero1.example.com
a247476955.example.com
icemorph.example.com
m.o.vyhodets.example.com
147-255-227-224.w.example.com
ahsaniqbal354015.example.com
amoiseev.example.com
mydogba.example.com
romka.dobricek.example.com
a03509782.example.com
didiliu096.example.com
dimasah.example.com
cooldog00561.example.com
svetlinskyyy2.example.com
africa733.example.com
subielfq94.example.com
temanu200415.example.com
alexpigs38.example.com
gaetanacap.example.com
altair.example.com
kiyera7657.example.com
bmw888889125.example.com
brummelmohammad36564129.example.com
ttretatanya1.example.com
lexkertis1.example.com
test37.example.com
hamzaarmy2018.example.com
time2rfc.example.com
l.a.edelmore.example.com
chavezrojas.example.com
ahsaniqbal354037.example.com
fodyse4.example.com
yujjjjj5.example.com
gaev6.ilya.s.example.com
ais.exampl
ERR:
               __    _____           __         
   _______  __/ /_  / __(_)___  ____/ /__  _____
  / ___/ / / / __ \/ /_/ / __ \/ __  / _ \/ ___/
 (__  ) /_/ / /_/ / __/ / / / / /_/ /  __/ /    
/____/\__,_/_.___/_/ /_/_/ /_/\__,_/\___/_/

		projectdiscovery.io

[[34mINF[0m] Current subfinder version v2.11.0 ([91moutdated[0m)
[[34mINF[0m] Loading provider config from /data/data/com.termux/files/home/.config/subfinder/provider-config.yaml
[[34mINF[0m] Enumerating subdomains for example.com
[[34mINF[0m] Found 27394 subdomains for example.com in 1 minute 19 seconds

EXIT:0

[2026-03-12T22:37:22.968Z] $ assetfinder --domains example.com | tee assets.txt
OUT:
ERR:flag provided but not defined: -domains
Usage of assetfinder:
  -subs-only
    	Only include subdomains of search domain

EXIT:0

[2026-03-12T22:37:25.200Z] $ assetfinder example.com | tee assets.txt
OUT:example.com
www.example.com
arccus-air.com
cantodesign.co.uk
coolors.co
khonsuswim.com
ellennigeria.com
shorturl.at
earthan.in
communicationsnorthpointammailerappfolio.top
mail.ceama.com.br
ortmb.live
qadeerlavv.com
economiadigital.acblnk.com
lftn.pt
href.li
dataskills-tigo.kioskoai.com
www.mira-booking.ru
bnaview.com
tmbor.live
zaikashop.com
nutecdigital.net
freescout.test.accountinger.de
online-app.gigamash.info
money-magnet.org
selllamossca.com
komune.sbs
duckgurycontractors.info
teambuildingconnectedwithclientandcustomer.top
00001f52offi1ce0001365online.com
moneyprogroup.co
yourcrownjourney.com
f23g.trackoptimumflow.net
irl2.getfasttrackpro.com
docusignbilling.pro
ia50tp.checkoutvaultpro.net
7jm2q1.checkoutboosters.net
amanewnewdemo.nomix1337x.workers.dev
savingthe.uk
posthog.synaxon-services.com
r0c6hx.trackingforce.net
auto.faultless-security.ru
g7dh.quickbasetracking.net
m5j1qw.quicktrackr.com
v3hn.fastlaunchtracking.net
lvdw2-4qaaa-aaaab-qbxma-cai.icp0.io
t0d5qm.prodealtracking.net
rejuvenating-health.com
steadylocomotionincll.org
globalsawblade.com
scotiabank-sears-login.loginiiportal.com
institutmaia.boutique
maneqerwp.com
smtp.acburbello.com.br
jqg5d-niaaa-aaaai-atg4q-cai.icp0.io
famprints.de
viewdocsumnyame.info
moneytrustgroup.co
banking.justalittlebyte.ovh
naturallyconnectedlife.com
artiart.in
ortmb.xyz
logininglocomotionincllc.org
nutmeghoney.com
moneysafegroup.co
handselcoffee.com
mira-booking.ru
www.globalsawblade.com
www.naturallyconnectedlife.com
www.nutmeghoney.com
www.handselcoffee.com

ERR:
EXIT:0

[2026-03-12T22:38:00.337Z] $ waybackurls example.com | tee waybackurls.txt
OUT:http://example.com
http://example.com/
https://example.com
http://www.example.com
http://www.example.com/
http://example.com/404/
http://example.com/404
https://www.example.com/406.shtml
http://www.example.com/californiabeach/robots.txt/
http://www.example.com/chyba.html
http://www.example.com/error.php
http://www.example.com/error/404.html
http://www.example.com/newpage.htmlrobots.txt
http://www.example.com/robots.txt
http://example.com/robots.txt
https://www.example.com/robots.txt
https://example.com/robots.txt
http://www.example.com/robots.txt/
http://example.com/robots.txt/
https://example.com/www.marui-estate.com/robots.txt

ERR:
⏱ [command timed out]
EXIT:124

[2026-03-12T22:40:03.168Z] $ gau example.com | tee gau_urls.txt
OUT:
ERR:bash: line 1: gau: command not found

EXIT:0

[2026-03-12T22:40:21.277Z] $ amass enum -d example.com | tee amass_enum.txt
OUT:
ERR:bash: line 1: amass: command not found

EXIT:0

[2026-03-12T22:40:56.738Z] $ whois example.com | tee whois_info.txt
OUT:
ERR:bash: line 1: whois: command not found

EXIT:0
